<?xml version="1.0" encoding="UTF-8"?>
<testsuite xmlns:xsi="http://www.w3.org/2001/XMLSchema-instance" xsi:noNamespaceSchemaLocation="https://maven.apache.org/surefire/maven-surefire-plugin/xsd/surefire-test-report-3.0.xsd" version="3.0" name="in.InternshipStudio.AppTest" time="0.02" tests="1" errors="0" skipped="0" failures="0">
  <properties>
    <property name="java.specification.version" value="17"/>
    <property name="sun.cpu.isalist" value="amd64"/>
    <property name="sun.jnu.encoding" value="Cp1252"/>
    <property name="java.class.path" value="D:\intershipstudio\01-Maven-SA-App\target\test-classes;D:\intershipstudio\01-Maven-SA-App\target\classes;C:\Users\Manoj Tidke\.m2\repository\junit\junit\3.8.1\junit-3.8.1.jar;C:\Users\Manoj Tidke\.m2\repository\org\springframework\spring-context\7.0.0-M2\spring-context-7.0.0-M2.jar;C:\Users\Manoj Tidke\.m2\repository\org\springframework\spring-aop\7.0.0-M2\spring-aop-7.0.0-M2.jar;C:\Users\Manoj Tidke\.m2\repository\org\springframework\spring-beans\7.0.0-M2\spring-beans-7.0.0-M2.jar;C:\Users\Manoj Tidke\.m2\repository\org\springframework\spring-core\7.0.0-M2\spring-core-7.0.0-M2.jar;C:\Users\Manoj Tidke\.m2\repository\commons-logging\commons-logging\1.3.4\commons-logging-1.3.4.jar;C:\Users\Manoj Tidke\.m2\repository\org\jspecify\jspecify\1.0.0\jspecify-1.0.0.jar;C:\Users\Manoj Tidke\.m2\repository\org\springframework\spring-expression\7.0.0-M2\spring-expression-7.0.0-M2.jar;C:\Users\Manoj Tidke\.m2\repository\io\micrometer\micrometer-observation\1.14.4\micrometer-observation-1.14.4.jar;C:\Users\Manoj Tidke\.m2\repository\io\micrometer\micrometer-commons\1.14.4\micrometer-commons-1.14.4.jar;"/>
    <property name="java.vm.vendor" value="Oracle Corporation"/>
    <property name="sun.arch.data.model" value="64"/>
    <property name="user.variant" value=""/>
    <property name="java.vendor.url" value="https://java.oracle.com/"/>
    <property name="user.timezone" value="Asia/Calcutta"/>
    <property name="os.name" value="Windows 11"/>
    <property name="java.vm.specification.version" value="17"/>
    <property name="sun.java.launcher" value="SUN_STANDARD"/>
    <property name="user.country" value="US"/>
    <property name="sun.boot.library.path" value="C:\Program Files\Java\jdk-17\bin"/>
    <property name="sun.java.command" value="C:\Users\Manoj Tidke\AppData\Local\Temp\surefire1235848244879493082\surefirebooter-20250307222445873_3.jar C:\Users\Manoj Tidke\AppData\Local\Temp\surefire1235848244879493082 2025-03-07T22-24-44_187-jvmRun1 surefire-20250307222445873_1tmp surefire_0-20250307222445873_2tmp"/>
    <property name="jdk.debug" value="release"/>
    <property name="surefire.test.class.path" value="D:\intershipstudio\01-Maven-SA-App\target\test-classes;D:\intershipstudio\01-Maven-SA-App\target\classes;C:\Users\Manoj Tidke\.m2\repository\junit\junit\3.8.1\junit-3.8.1.jar;C:\Users\Manoj Tidke\.m2\repository\org\springframework\spring-context\7.0.0-M2\spring-context-7.0.0-M2.jar;C:\Users\Manoj Tidke\.m2\repository\org\springframework\spring-aop\7.0.0-M2\spring-aop-7.0.0-M2.jar;C:\Users\Manoj Tidke\.m2\repository\org\springframework\spring-beans\7.0.0-M2\spring-beans-7.0.0-M2.jar;C:\Users\Manoj Tidke\.m2\repository\org\springframework\spring-core\7.0.0-M2\spring-core-7.0.0-M2.jar;C:\Users\Manoj Tidke\.m2\repository\commons-logging\commons-logging\1.3.4\commons-logging-1.3.4.jar;C:\Users\Manoj Tidke\.m2\repository\org\jspecify\jspecify\1.0.0\jspecify-1.0.0.jar;C:\Users\Manoj Tidke\.m2\repository\org\springframework\spring-expression\7.0.0-M2\spring-expression-7.0.0-M2.jar;C:\Users\Manoj Tidke\.m2\repository\io\micrometer\micrometer-observation\1.14.4\micrometer-observation-1.14.4.jar;C:\Users\Manoj Tidke\.m2\repository\io\micrometer\micrometer-commons\1.14.4\micrometer-commons-1.14.4.jar;"/>
    <property name="sun.cpu.endian" value="little"/>
    <property name="user.home" value="C:\Users\Manoj Tidke"/>
    <property name="user.language" value="en"/>
    <property name="java.specification.vendor" value="Oracle Corporation"/>
    <property name="java.version.date" value="2023-07-18"/>
    <property name="java.home" value="C:\Program Files\Java\jdk-17"/>
    <property name="file.separator" value="\"/>
    <property name="basedir" value="D:\intershipstudio\01-Maven-SA-App"/>
    <property name="java.vm.compressedOopsMode" value="32-bit"/>
    <property name="line.separator" value="&#10;"/>
    <property name="java.vm.specification.vendor" value="Oracle Corporation"/>
    <property name="java.specification.name" value="Java Platform API Specification"/>
    <property name="surefire.real.class.path" value="C:\Users\Manoj Tidke\AppData\Local\Temp\surefire1235848244879493082\surefirebooter-20250307222445873_3.jar"/>
    <property name="user.script" value=""/>
    <property name="sun.management.compiler" value="HotSpot 64-Bit Tiered Compilers"/>
    <property name="java.runtime.version" value="17.0.8+9-LTS-211"/>
    <property name="user.name" value="Manoj Tidke"/>
    <property name="path.separator" value=";"/>
    <property name="os.version" value="10.0"/>
    <property name="java.runtime.name" value="Java(TM) SE Runtime Environment"/>
    <property name="file.encoding" value="Cp1252"/>
    <property name="java.vm.name" value="Java HotSpot(TM) 64-Bit Server VM"/>
    <property name="localRepository" value="C:\Users\Manoj Tidke\.m2\repository"/>
    <property name="java.vendor.url.bug" value="https://bugreport.java.com/bugreport/"/>
    <property name="java.io.tmpdir" value="C:\Users\MANOJT~1\AppData\Local\Temp\"/>
    <property name="java.version" value="17.0.8"/>
    <property name="user.dir" value="D:\intershipstudio\01-Maven-SA-App"/>
    <property name="os.arch" value="amd64"/>
    <property name="java.vm.specification.name" value="Java Virtual Machine Specification"/>
    <property name="sun.os.patch.level" value=""/>
    <property name="native.encoding" value="Cp1252"/>
    <property name="java.library.path" value="C:\Program Files\Java\jdk-17\bin;C:\WINDOWS\Sun\Java\bin;C:\WINDOWS\system32;C:\WINDOWS;C:\Program Files\Common Files\Oracle\Java\javapath;C:\Program Files\Microsoft SDKs\Azure\CLI2\wbin;C:\WINDOWS\system32;C:\WINDOWS;C:\WINDOWS\System32\Wbem;C:\WINDOWS\System32\WindowsPowerShell\v1.0\;C:\WINDOWS\System32\OpenSSH\;C:\Program Files\Git\cmd;C:\Program Files\dotnet\;C:\Windows\IsmFiles;C:\Program Files\PuTTY\;C:\Program Files\Maven\apache-maven-3.9.9\bin;C:\Program Files\GitHub CLI\;C:\Program Files\Docker\Docker\resources\bin;C:\Program Files\Maven\apache-maven-3.9.9\bin;C:\Users\Manoj Tidke\AppData\Local\Programs\Python\Python313\Scripts\;C:\Users\Manoj Tidke\AppData\Local\Programs\Python\Python313\;C:\Users\Manoj Tidke\AppData\Local\Microsoft\WindowsApps;C:\Users\Manoj Tidke\AppData\Local\Programs\Microsoft VS Code\bin;C:\Users\Manoj Tidke\.dotnet\tools;c:\terraform;C:\Users\Manoj Tidke\AppData\Local\Microsoft\WinGet\Packages\Kubernetes.kubectl_Microsoft.Winget.Source_8wekyb3d8bbwe;;."/>
    <property name="java.vm.info" value="mixed mode, sharing"/>
    <property name="java.vendor" value="Oracle Corporation"/>
    <property name="java.vm.version" value="17.0.8+9-LTS-211"/>
    <property name="sun.io.unicode.encoding" value="UnicodeLittle"/>
    <property name="java.class.version" value="61.0"/>
  </properties>
  <testcase name="testApp" classname="in.InternshipStudio.AppTest" time="0.004"/>
</testsuite>